time=2024-10-21T14:01:21.003+05:30 level=INFO module=nivindu_lakshitha/Backend.logger_writter message="MongoDB connection established."
time=2024-10-21T14:01:21.227+05:30 level=INFO module=nivindu_lakshitha/Backend.logger_writter message="Server started."
time=2024-10-21T14:01:23.169+05:30 level=INFO module=nivindu_lakshitha/Backend.logger_writter message="WebSocket server started."
time=2024-10-21T14:01:32.918+05:30 level=INFO module=nivindu_lakshitha/Backend.logger_writter message="WebSocket handshake request received."
time=2024-10-21T14:01:32.958+05:30 level=INFO module=nivindu_lakshitha/Backend.logger_writter message="WebSocket handshake request received."
time=2024-10-21T14:01:33.438+05:30 level=INFO module=nivindu_lakshitha/Backend.logger_writter message="Authorization successful"
time=2024-10-21T14:01:41.817+05:30 level=INFO module=nivindu_lakshitha/Backend.logger_writter message="WebSocket handshake request received."
time=2024-10-21T14:01:41.847+05:30 level=INFO module=nivindu_lakshitha/Backend.logger_writter message="WebSocket handshake request received."
time=2024-10-21T14:01:42.064+05:30 level=INFO module=nivindu_lakshitha/Backend.logger_writter message="Authorization successful"
time=2024-10-21T14:01:42.245+05:30 level=INFO module=nivindu_lakshitha/Backend.logger_writter message="Authorization successful"
time=2024-10-21T14:01:44.534+05:30 level=INFO module=nivindu_lakshitha/Backend.logger_writter message="Authorization successful"
time=2024-10-21T14:01:45.747+05:30 level=INFO module=nivindu_lakshitha/Backend.logger_writter message="Document count successfully. Query: {\"email\":\"a@a\"}"
time=2024-10-21T14:01:45.878+05:30 level=INFO module=nivindu_lakshitha/Backend.logger_writter message="Document retrieved successfully. {\"id\":\"MtzohgGOU1K6ORiPQ87Bc\", \"tagname\":\"RNc5wDPngHT\", \"fullname\":\"a\", \"email\":\"a@a\", \"password\":\"a\", \"avatar\":\"https://avatar.iran.liara.run/username?username=a\", \"websocketId\":null, \"jwtoken\":null}"
time=2024-10-21T14:01:46.138+05:30 level=INFO module=nivindu_lakshitha/Backend.logger_writter message="{\"messageType\":\"#email\",\"id\":\"MtzohgGOU1K6ORiPQ87Bc\",\"tagname\":\"RNc5wDPngHT\",\"fullname\":\"a\",\"email\":\"a@a\",\"password\":\"a\",\"avatar\":\"https://avatar.iran.liara.run/username?username=a\",\"websocketId\":null,\"jwtoken\":null}"
time=2024-10-21T14:01:46.146+05:30 level=INFO module=nivindu_lakshitha/Backend.logger_writter message="Email stored: a@a"
time=2024-10-21T14:01:46.220+05:30 level=INFO module=nivindu_lakshitha/Backend.logger_writter message="Document count successfully. Query: {}"
time=2024-10-21T14:01:46.230+05:30 level=INFO module=nivindu_lakshitha/Backend.logger_writter message="Total messages: 0"
time=2024-10-21T14:01:46.431+05:30 level=INFO module=nivindu_lakshitha/Backend.logger_writter message="Document retrieved successfully. []"
time=2024-10-21T14:01:53.301+05:30 level=INFO module=nivindu_lakshitha/Backend.logger_writter message="{\"tagname\":\"RNc5wDPngHT\"}"
time=2024-10-21T14:01:53.517+05:30 level=INFO module=nivindu_lakshitha/Backend.logger_writter message="User found in collection: a@a. {\"id\":\"MtzohgGOU1K6ORiPQ87Bc\", \"tagname\":\"RNc5wDPngHT\", \"fullname\":\"a\", \"email\":\"a@a\", \"password\":\"a\", \"avatar\":\"https://avatar.iran.liara.run/username?username=a\", \"websocketId\":null, \"jwtoken\":null}"
time=2024-10-21T14:02:34.756+05:30 level=INFO module=nivindu_lakshitha/Backend.logger_writter message="WebSocket handshake request received."
time=2024-10-21T14:02:34.793+05:30 level=INFO module=nivindu_lakshitha/Backend.logger_writter message="WebSocket handshake request received."
time=2024-10-21T14:02:35.164+05:30 level=INFO module=nivindu_lakshitha/Backend.logger_writter message="Authorization successful"
time=2024-10-21T14:02:35.326+05:30 level=INFO module=nivindu_lakshitha/Backend.logger_writter message="Authorization successful"
time=2024-10-21T14:02:57.884+05:30 level=INFO module=nivindu_lakshitha/Backend.logger_writter message="WebSocket handshake request received."
time=2024-10-21T14:02:58.341+05:30 level=INFO module=nivindu_lakshitha/Backend.logger_writter message="WebSocket handshake request received."
time=2024-10-21T14:02:58.525+05:30 level=INFO module=nivindu_lakshitha/Backend.logger_writter message="Authorization successful"
time=2024-10-21T14:02:58.745+05:30 level=INFO module=nivindu_lakshitha/Backend.logger_writter message="Authorization successful"
time=2024-10-21T14:02:59.994+05:30 level=INFO module=nivindu_lakshitha/Backend.logger_writter message="Authorization successful"
time=2024-10-21T14:03:00.234+05:30 level=INFO module=nivindu_lakshitha/Backend.logger_writter message="Document count successfully. Query: {\"email\":\"a@a\"}"
time=2024-10-21T14:03:00.297+05:30 level=INFO module=nivindu_lakshitha/Backend.logger_writter message="Document retrieved successfully. {\"id\":\"MtzohgGOU1K6ORiPQ87Bc\", \"tagname\":\"RNc5wDPngHT\", \"fullname\":\"a\", \"email\":\"a@a\", \"password\":\"a\", \"avatar\":\"https://avatar.iran.liara.run/username?username=a\", \"websocketId\":null, \"jwtoken\":null}"
time=2024-10-21T14:03:00.391+05:30 level=INFO module=nivindu_lakshitha/Backend.logger_writter message="{\"messageType\":\"#email\",\"id\":\"MtzohgGOU1K6ORiPQ87Bc\",\"tagname\":\"RNc5wDPngHT\",\"fullname\":\"a\",\"email\":\"a@a\",\"password\":\"a\",\"avatar\":\"https://avatar.iran.liara.run/username?username=a\",\"websocketId\":null,\"jwtoken\":null}"
time=2024-10-21T14:03:00.410+05:30 level=INFO module=nivindu_lakshitha/Backend.logger_writter message="Email stored: a@a"
time=2024-10-21T14:03:00.456+05:30 level=INFO module=nivindu_lakshitha/Backend.logger_writter message="Document count successfully. Query: {}"
time=2024-10-21T14:03:00.461+05:30 level=INFO module=nivindu_lakshitha/Backend.logger_writter message="Total messages: 0"
time=2024-10-21T14:03:00.532+05:30 level=INFO module=nivindu_lakshitha/Backend.logger_writter message="Document retrieved successfully. []"
time=2024-10-21T14:03:06.922+05:30 level=INFO module=nivindu_lakshitha/Backend.logger_writter message="{\"tagname\":\"RNc5wDPngHT\"}"
time=2024-10-21T14:03:07.107+05:30 level=INFO module=nivindu_lakshitha/Backend.logger_writter message="User found in collection: a@a. {\"id\":\"MtzohgGOU1K6ORiPQ87Bc\", \"tagname\":\"RNc5wDPngHT\", \"fullname\":\"a\", \"email\":\"a@a\", \"password\":\"a\", \"avatar\":\"https://avatar.iran.liara.run/username?username=a\", \"websocketId\":null, \"jwtoken\":null}"
